-------------------------------------------------------------------------------
Test set: com.nnk.springboot.service.BidListServiceTest
-------------------------------------------------------------------------------
Tests run: 8, Failures: 0, Errors: 8, Skipped: 0, Time elapsed: 0.124 s <<< FAILURE! - in com.nnk.springboot.service.BidListServiceTest
getAllBidListsTest  Time elapsed: 0.069 s  <<< ERROR!
java.lang.NullPointerException
	at com.nnk.springboot.service.BidListServiceTest.setup(BidListServiceTest.java:36)

deleteBidListFailTest  Time elapsed: 0.001 s  <<< ERROR!
java.lang.NullPointerException
	at com.nnk.springboot.service.BidListServiceTest.setup(BidListServiceTest.java:36)

saveBidListTest  Time elapsed: 0.005 s  <<< ERROR!
java.lang.NullPointerException
	at com.nnk.springboot.service.BidListServiceTest.setup(BidListServiceTest.java:36)

updateBidListFailTest  Time elapsed: 0.011 s  <<< ERROR!
java.lang.NullPointerException
	at com.nnk.springboot.service.BidListServiceTest.setup(BidListServiceTest.java:36)

getBidListByBidListIdTest  Time elapsed: 0 s  <<< ERROR!
java.lang.NullPointerException
	at com.nnk.springboot.service.BidListServiceTest.setup(BidListServiceTest.java:36)

saveBidListTestFail  Time elapsed: 0.006 s  <<< ERROR!
java.lang.NullPointerException
	at com.nnk.springboot.service.BidListServiceTest.setup(BidListServiceTest.java:36)

updateBidListTest  Time elapsed: 0.007 s  <<< ERROR!
java.lang.NullPointerException
	at com.nnk.springboot.service.BidListServiceTest.setup(BidListServiceTest.java:36)

deleteBidListTest  Time elapsed: 0.002 s  <<< ERROR!
java.lang.NullPointerException
	at com.nnk.springboot.service.BidListServiceTest.setup(BidListServiceTest.java:36)

