<?xml version="1.0" encoding="UTF-8"?>
<testsuite xmlns:xsi="http://www.w3.org/2001/XMLSchema-instance" xsi:noNamespaceSchemaLocation="https://maven.apache.org/surefire/maven-surefire-plugin/xsd/surefire-test-report.xsd" name="com.nnk.springboot.service.TradeServiceTest" time="3.371" tests="7" errors="0" skipped="0" failures="0">
  <properties>
[...]
</properties>
  <testcase name="saveTradeTest" classname="com.nnk.springboot.service.TradeServiceTest" time="0.02"/>
  <testcase name="getTradeByIdTest" classname="com.nnk.springboot.service.TradeServiceTest" time="0.007"/>
  <testcase name="deleteTradeFailTest" classname="com.nnk.springboot.service.TradeServiceTest" time="0.009"/>
  <testcase name="updateTradeFailTest" classname="com.nnk.springboot.service.TradeServiceTest" time="0.009"/>
  <testcase name="deleteTradeTest" classname="com.nnk.springboot.service.TradeServiceTest" time="0.01"/>
  <testcase name="getTradesTest" classname="com.nnk.springboot.service.TradeServiceTest" time="0.007"/>
  <testcase name="updateTradeTest" classname="com.nnk.springboot.service.TradeServiceTest" time="0.009"/>
</testsuite>